<?xml version="1.0" encoding="UTF-8"?>
<!-- Generated by org.testng.reporters.JUnitReportReporter -->
<testsuite hostname="DESKTOP-0U9J8SO" failures="0" tests="1" name="com.mystore.testcases.LoginPageTest" time="14.314" errors="0" timestamp="2022-01-10T22:49:13 GMT" skipped="0">
  <testcase classname="com.mystore.testcases.LoginPageTest" name="loginTest" time="14.314"/>
  <system-out/>
</testsuite> <!-- com.mystore.testcases.LoginPageTest -->
