<?xml version="1.0" encoding="UTF-8"?>
<!-- Generated by org.testng.reporters.JUnitReportReporter -->
<testsuite hostname="DESKTOP-0U9J8SO" failures="0" tests="2" name="com.mystore.testcases.HomePageTest" time="15.885" errors="0" timestamp="2022-01-10T22:49:13 GMT" skipped="0">
  <testcase classname="com.mystore.testcases.HomePageTest" name="orderHistoryAndDetailsTest" time="7.821"/>
  <system-out/>
  <testcase classname="com.mystore.testcases.HomePageTest" name="wishListTest" time="8.064"/>
  <system-out/>
</testsuite> <!-- com.mystore.testcases.HomePageTest -->
