<?xml version="1.0" encoding="UTF-8"?>
<!-- Generated by org.testng.reporters.JUnitReportReporter -->
<testsuite hostname="DESKTOP-0U9J8SO" failures="0" tests="4" name="com.mystore.testcases.IndexPageTest" time="22.545" errors="0" timestamp="2022-01-10T22:58:43 GMT" skipped="0">
  <testcase classname="com.mystore.testcases.IndexPageTest" name="verifyTitle" time="6.139"/>
  <system-out/>
  <testcase classname="com.mystore.testcases.IndexPageTest" name="verifyLogo" time="4.405"/>
  <system-out/>
  <testcase classname="com.mystore.testcases.IndexPageTest" name="verifyTitle" time="4.003"/>
  <system-out/>
  <testcase classname="com.mystore.testcases.IndexPageTest" name="verifyLogo" time="7.998"/>
  <system-out/>
</testsuite> <!-- com.mystore.testcases.IndexPageTest -->
